<?xml version="1.0" encoding="UTF-8"?>
<coverage generated="1657730486325" clover="3.2.0">
  <project timestamp="1657730486326" name="All files">
    <metrics statements="9" coveredstatements="7" conditionals="4" coveredconditionals="1" methods="5" coveredmethods="3" elements="18" coveredelements="11" complexity="0" loc="9" ncloc="9" packages="1" files="1" classes="1"/>
    <file name="task.js" path="C:\Users\Chinasa\Desktop\project\To-Do-list\src\task.js">
      <metrics statements="9" coveredstatements="7" conditionals="4" coveredconditionals="1" methods="5" coveredmethods="3"/>
      <line num="1" count="1" type="stmt"/>
      <line num="3" count="1" type="stmt"/>
      <line num="6" count="1" type="stmt"/>
      <line num="12" count="1" type="stmt"/>
      <line num="16" count="1" type="stmt"/>
      <line num="17" count="1" type="cond" truecount="1" falsecount="1"/>
      <line num="18" count="1" type="stmt"/>
      <line num="24" count="0" type="stmt"/>
      <line num="28" count="0" type="cond" truecount="0" falsecount="2"/>
    </file>
  </project>
</coverage>
